"KeyBindings"
{
	"Name"		"ARROW"
	"Version"		"12"
	"RowVersion"		"3"
	"UseHeroBindings"		"0"
	"LinkHeroToCourier"		"0"
	"LinkHeroToNeutral"		"0"
	"LinkPlayerToSpectator"		"0"
	"Keys"
	{
		"CameraUp"
		{
			"Name"		"CameraUp"
			"Action"		"+forward"
			"Key"		"UPARROW"
			"Panel"		"#DOTA_KEYBIND_MENU_PLAYER"
			"PanelRow"		"1"
			"Description"		"#DOTA_MoveForward"
			"Version"		"2"
		}
		"CameraDown"
		{
			"Name"		"CameraDown"
			"Action"		"+back"
			"Key"		"DOWNARROW"
			"Panel"		"#DOTA_KEYBIND_MENU_PLAYER"
			"PanelRow"		"2"
			"Description"		"#DOTA_MoveBack"
			"Version"		"1"
		}
		"CameraLeft"
		{
			"Name"		"CameraLeft"
			"Action"		"+moveleft"
			"Key"		"LEFTARROW"
			"Panel"		"#DOTA_KEYBIND_MENU_PLAYER"
			"PanelRow"		"3"
			"Description"		"#DOTA_MoveLeft"
			"Version"		"1"
		}
		"CameraRight"
		{
			"Name"		"CameraRight"
			"Action"		"+moveright"
			"Key"		"RIGHTARROW"
			"Panel"		"#DOTA_KEYBIND_MENU_PLAYER"
			"PanelRow"		"4"
			"Description"		"#DOTA_MoveRight"
			"Version"		"1"
		}
		"CameraGrip"
		{
			"Name"		"CameraGrip"
			"Action"		"+cameragrip"
			"Panel"		"#DOTA_KEYBIND_MENU_PLAYER"
			"PanelRow"		"5"
			"Description"		"#DOTA_CameraGrip"
			"Version"		"2"
			"Key"		"MOUSE3"
		}
		"RecentEvent"
		{
			"Name"		"RecentEvent"
			"Action"		"dota_recent_event"
			"Key"		"SPACE"
			"Panel"		"#DOTA_KEYBIND_MENU_PLAYER"
			"PanelRow"		"7"
			"Description"		"#DOTA_RecentEvent"
			"Version"		"3"
		}
		"ScoreboardToggle"
		{
			"Name"		"ScoreboardToggle"
			"Action"		"+showscores"
			"Key"		"TAB"
			"Panel"		"#DOTA_KEYBIND_MENU_PLAYER"
			"PanelRow"		"9"
			"Description"		"#DOTA_Scoreboard"
			"Version"		"1"
		}
		"ActivateGlyph"
		{
			"Name"		"ActivateGlyph"
			"Action"		"dota_glyph"
			"Key"		"J"
			"Panel"		"#DOTA_KEYBIND_MENU_PLAYER"
			"PanelRow"		"11"
			"Description"		"#DOTA_ActivateGlyph"
			"Version"		"2"
		}
		"ChatTeam"
		{
			"Name"		"ChatTeam"
			"Action"		"say"
			"Key"		"ENTER"
			"Panel"		"#DOTA_KEYBIND_MENU_CHAT"
			"PanelRow"		"1"
			"Description"		"#DOTA_ChatTeam"
			"Version"		"1"
			"Mode"		"0"
		}
		"ChatGlobal"
		{
			"Name"		"ChatGlobal"
			"Action"		"say"
			"Panel"		"#DOTA_KEYBIND_MENU_CHAT"
			"PanelRow"		"2"
			"Description"		"#DOTA_ChatGlobal"
			"Dependency"		"ChatTeam"
			"DependencyText"		"SHIFT-"
			"Version"		"1"
			"Key"		"ENTER"
			"Modifier"		"SHIFT"
			"Mode"		"0"
		}
		"ChatTeam2"
		{
			"Name"		"ChatTeam2"
			"Action"		"say"
			"Description"		"#DOTA_ChatTeam"
			"Version"		"1"
			"PanelRow"		"0"
		}
		"ChatGlobal2"
		{
			"Name"		"ChatGlobal2"
			"Action"		"say"
			"Description"		"#DOTA_ChatGlobal"
			"Dependency"		"ChatTeam2"
			"DependencyText"		"SHIFT-"
			"Version"		"1"
			"PanelRow"		"0"
		}
		"ChatVoice"
		{
			"Name"		"ChatVoice"
			"Action"		"+voicerecord"
			"Key"		"G"
			"Panel"		"#DOTA_KEYBIND_MENU_CHAT"
			"PanelRow"		"3"
			"Description"		"#DOTA_Voice"
			"Version"		"1"
		}
		"ChatWheel"
		{
			"Name"		"ChatWheel"
			"Action"		"+chatwheel"
			"Panel"		"#DOTA_KEYBIND_MENU_CHAT"
			"PanelRow"		"4"
			"Description"		"#DOTA_ChatWheel"
			"Version"		"1"
			"Key"		"Y"
		}
		"ChatWheelCare"
		{
			"Name"		"ChatWheelCare"
			"Action"		"chatwheel_say 1"
			"Panel"		"#DOTA_KEYBIND_MENU_CHAT"
			"PanelRow"		"16"
			"Description"		"#dota_chatwheel_label_Care"
			"Version"		"1"
		}
		"ChatWheelGetBack"
		{
			"Name"		"ChatWheelGetBack"
			"Action"		"chatwheel_say 2"
			"Panel"		"#DOTA_KEYBIND_MENU_CHAT"
			"PanelRow"		"17"
			"Description"		"#dota_chatwheel_label_GetBack"
			"Version"		"1"
		}
		"ChatWheelNeedWards"
		{
			"Name"		"ChatWheelNeedWards"
			"Action"		"chatwheel_say 3"
			"Panel"		"#DOTA_KEYBIND_MENU_CHAT"
			"PanelRow"		"18"
			"Description"		"#dota_chatwheel_label_NeedWards"
			"Version"		"1"
		}
		"ChatWheelStun"
		{
			"Name"		"ChatWheelStun"
			"Action"		"chatwheel_say 4"
			"Panel"		"#DOTA_KEYBIND_MENU_CHAT"
			"PanelRow"		"19"
			"Description"		"#dota_chatwheel_label_Stun"
			"Version"		"1"
		}
		"ChatWheelHelp"
		{
			"Name"		"ChatWheelHelp"
			"Action"		"chatwheel_say 5"
			"Panel"		"#DOTA_KEYBIND_MENU_CHAT"
			"PanelRow"		"20"
			"Description"		"#dota_chatwheel_label_Help"
			"Version"		"1"
		}
		"ChatWheelGetPush"
		{
			"Name"		"ChatWheelGetPush"
			"Action"		"chatwheel_say 6"
			"Panel"		"#DOTA_KEYBIND_MENU_CHAT"
			"PanelRow"		"21"
			"Description"		"#dota_chatwheel_label_Push"
			"Version"		"1"
		}
		"ChatWheelGoodJob"
		{
			"Name"		"ChatWheelGoodJob"
			"Action"		"chatwheel_say 7"
			"Panel"		"#DOTA_KEYBIND_MENU_CHAT"
			"PanelRow"		"22"
			"Description"		"#dota_chatwheel_label_GoodJob"
			"Version"		"1"
		}
		"ChatWheelMissing"
		{
			"Name"		"ChatWheelMissing"
			"Action"		"chatwheel_say 8"
			"Panel"		"#DOTA_KEYBIND_MENU_CHAT"
			"PanelRow"		"23"
			"Description"		"#dota_chatwheel_label_Missing"
			"Version"		"1"
		}
		"ChatWheelMissingTop"
		{
			"Name"		"ChatWheelMissingTop"
			"Action"		"chatwheel_say 9"
			"Panel"		"#DOTA_KEYBIND_MENU_CHAT"
			"PanelRow"		"24"
			"Description"		"#dota_chatwheel_label_Missing_Top"
			"Version"		"1"
		}
		"ChatWheelMissingMiddle"
		{
			"Name"		"ChatWheelMissingMiddle"
			"Action"		"chatwheel_say 10"
			"Panel"		"#DOTA_KEYBIND_MENU_CHAT"
			"PanelRow"		"25"
			"Description"		"#dota_chatwheel_label_Missing_Mid"
			"Version"		"1"
		}
		"ChatWheelMissingBottom"
		{
			"Name"		"ChatWheelMissingBottom"
			"Action"		"chatwheel_say 11"
			"Panel"		"#DOTA_KEYBIND_MENU_CHAT"
			"PanelRow"		"26"
			"Description"		"#dota_chatwheel_label_Missing_Bottom"
			"Version"		"1"
		}
		"HeroAttack"
		{
			"Name"		"HeroAttack"
			"Action"		"mc_attack"
			"Key"		"A"
			"Panel"		"#DOTA_KEYBIND_MENU_UNITACTIONS"
			"PanelRow"		"1"
			"Description"		"#DOTA_AttackMove"
			"Version"		"1"
		}
		"HeroMove"
		{
			"Name"		"HeroMove"
			"Action"		"mc_move"
			"Panel"		"#DOTA_KEYBIND_MENU_UNITACTIONS"
			"PanelRow"		"2"
			"Description"		"#DOTA_Move"
			"Version"		"1"
		}
		"HeroStop"
		{
			"Name"		"HeroStop"
			"Action"		"dota_stop"
			"Key"		"S"
			"Panel"		"#DOTA_KEYBIND_MENU_UNITACTIONS"
			"PanelRow"		"3"
			"Description"		"#DOTA_UnitStop"
			"Version"		"1"
		}
		"HeroHold"
		{
			"Name"		"HeroHold"
			"Action"		"dota_hold"
			"Key"		"H"
			"Panel"		"#DOTA_KEYBIND_MENU_UNITACTIONS"
			"PanelRow"		"4"
			"Description"		"#DOTA_UnitHold"
			"Version"		"1"
		}
		"HeroSelect"
		{
			"Name"		"HeroSelect"
			"Action"		"+dota_camera_follow"
			"Key"		"F4"
			"Panel"		"#DOTA_KEYBIND_MENU_UNITACTIONS"
			"PanelRow"		"6"
			"Description"		"#DOTA_HeroSelect"
			"Version"		"1"
		}
		"SelectAll"
		{
			"Name"		"SelectAll"
			"Action"		"dota_select_all"
			"Key"		"MOUSE5"
			"Panel"		"#DOTA_KEYBIND_MENU_UNITACTIONS"
			"PanelRow"		"7"
			"Description"		"#DOTA_SelectAll"
			"Version"		"2"
		}
		"SelectAllOthers"
		{
			"Name"		"SelectAllOthers"
			"Action"		"dota_select_all_others"
			"Key"		"MOUSE4"
			"Panel"		"#DOTA_KEYBIND_MENU_UNITACTIONS"
			"PanelRow"		"8"
			"Description"		"#DOTA_SelectAllOthers"
			"Version"		"4"
		}
		"CourierSelect"
		{
			"Name"		"CourierSelect"
			"Action"		"dota_select_courier"
			"Key"		"F1"
			"Panel"		"#DOTA_KEYBIND_MENU_UNITACTIONS"
			"PanelRow"		"10"
			"Description"		"#DOTA_SelectCourier"
			"Version"		"1"
		}
		"CourierDeliver"
		{
			"Name"		"CourierDeliver"
			"Action"		"dota_courier_deliver"
			"Key"		"F2"
			"Panel"		"#DOTA_KEYBIND_MENU_UNITACTIONS"
			"PanelRow"		"11"
			"Description"		"#DOTA_CourierDeliver"
			"Version"		"2"
		}
		"CourierHaste"
		{
			"Name"		"CourierHaste"
			"Action"		"dota_courier_burst"
			"Key"		"F3"
			"Panel"		"#DOTA_KEYBIND_MENU_UNITACTIONS"
			"PanelRow"		"12"
			"Description"		"#DOTA_CourierHaste"
			"Version"		"2"
		}
		"UseActionItem"
		{
			"Name"		"UseActionItem"
			"Action"		"use_item_client player_loadout action_item"
			"Description"		"#DOTA_UseActionItem_Key"
			"Panel"		"#DOTA_KEYBIND_MENU_UNITACTIONS"
			"PanelRow"		"14"
			"Version"		"4"
			"Key"		"LEFT"
		}
		"HeroTaunt"
		{
			"Name"		"HeroTaunt"
			"Action"		"use_item_client current_hero taunt"
			"Description"		"#DOTA_HeroTaunt_Key"
			"Panel"		"#DOTA_KEYBIND_MENU_UNITACTIONS"
			"PanelRow"		"15"
			"Version"		"4"
			"Key"		"KP_3"
		}
		"ControlGroup1"
		{
			"Name"		"ControlGroup1"
			"Action"		"+dota_control_group 1"
			"Panel"		"#DOTA_KEYBIND_MENU_UNITACTIONS"
			"PanelRow"		"16"
			"Description"		"#DOTA_ControlGroup1"
			"Version"		"1"
			"Key"		"Z"
		}
		"ControlGroup2"
		{
			"Name"		"ControlGroup2"
			"Action"		"+dota_control_group 2"
			"Panel"		"#DOTA_KEYBIND_MENU_UNITACTIONS"
			"PanelRow"		"17"
			"Description"		"#DOTA_ControlGroup2"
			"Version"		"1"
			"Key"		","
		}
		"ControlGroup3"
		{
			"Name"		"ControlGroup3"
			"Action"		"+dota_control_group 3"
			"Panel"		"#DOTA_KEYBIND_MENU_UNITACTIONS"
			"PanelRow"		"18"
			"Description"		"#DOTA_ControlGroup3"
			"Version"		"1"
		}
		"ControlGroup4"
		{
			"Name"		"ControlGroup4"
			"Action"		"+dota_control_group 4"
			"Panel"		"#DOTA_KEYBIND_MENU_UNITACTIONS"
			"PanelRow"		"19"
			"Description"		"#DOTA_ControlGroup4"
			"Version"		"1"
			"Key"		"-"
		}
		"ControlGroup5"
		{
			"Name"		"ControlGroup5"
			"Action"		"+dota_control_group 5"
			"Panel"		"#DOTA_KEYBIND_MENU_UNITACTIONS"
			"PanelRow"		"20"
			"Description"		"#DOTA_ControlGroup5"
			"Version"		"1"
		}
		"ControlGroup6"
		{
			"Name"		"ControlGroup6"
			"Action"		"+dota_control_group 6"
			"Panel"		"#DOTA_KEYBIND_MENU_UNITACTIONS"
			"PanelRow"		"21"
			"Description"		"#DOTA_ControlGroup6"
			"Version"		"1"
		}
		"ControlGroup7"
		{
			"Name"		"ControlGroup7"
			"Action"		"+dota_control_group 7"
			"Key"		"7"
			"Panel"		"#DOTA_KEYBIND_MENU_UNITACTIONS"
			"PanelRow"		"22"
			"Description"		"#DOTA_ControlGroup7"
			"Version"		"1"
		}
		"ControlGroup8"
		{
			"Name"		"ControlGroup8"
			"Action"		"+dota_control_group 8"
			"Key"		"8"
			"Panel"		"#DOTA_KEYBIND_MENU_UNITACTIONS"
			"PanelRow"		"23"
			"Description"		"#DOTA_ControlGroup8"
			"Version"		"1"
		}
		"ControlGroup9"
		{
			"Name"		"ControlGroup9"
			"Action"		"+dota_control_group 9"
			"Key"		"9"
			"Panel"		"#DOTA_KEYBIND_MENU_UNITACTIONS"
			"PanelRow"		"24"
			"Description"		"#DOTA_ControlGroup9"
			"Version"		"1"
		}
		"ControlGroup10"
		{
			"Name"		"ControlGroup10"
			"Action"		"+dota_control_group 10"
			"Key"		"0"
			"Panel"		"#DOTA_KEYBIND_MENU_UNITACTIONS"
			"PanelRow"		"25"
			"Description"		"#DOTA_ControlGroup10"
			"Version"		"1"
		}
		"ControlGroupCycle"
		{
			"Name"		"ControlGroupCycle"
			"Action"		"dota_cycle_selected"
			"Panel"		"#DOTA_KEYBIND_MENU_UNITACTIONS"
			"PanelRow"		"26"
			"Description"		"#DOTA_ControlGroupCycle"
			"Version"		"2"
			"Key"		"VERTICAL_BAR"
			"Mode"		"0"
		}
		"AbilityPrimary1"
		{
			"Name"		"AbilityPrimary1"
			"Action"		"dota_ability_execute 0"
			"Description"		"#DOTA_ExecuteAbility0"
			"Key"		"Q"
			"Panel"		"#DOTA_KEYBIND_MENU_ABILITIES"
			"SubPanel"		"#DOTA_KEYBIND_ABILITY_HERO"
			"PanelRow"		"1"
			"Version"		"1"
			"Mode"		"0"
		}
		"AbilityPrimary2"
		{
			"Name"		"AbilityPrimary2"
			"Action"		"dota_ability_execute 1"
			"Description"		"#DOTA_ExecuteAbility1"
			"Key"		"W"
			"Panel"		"#DOTA_KEYBIND_MENU_ABILITIES"
			"SubPanel"		"#DOTA_KEYBIND_ABILITY_HERO"
			"PanelRow"		"2"
			"Version"		"1"
			"Mode"		"0"
		}
		"AbilityPrimary3"
		{
			"Name"		"AbilityPrimary3"
			"Action"		"dota_ability_execute 2"
			"Description"		"#DOTA_ExecuteAbility2"
			"Panel"		"#DOTA_KEYBIND_MENU_ABILITIES"
			"SubPanel"		"#DOTA_KEYBIND_ABILITY_HERO"
			"PanelRow"		"3"
			"Version"		"1"
			"Key"		"E"
			"Mode"		"0"
		}
		"AbilitySecondary1"
		{
			"Name"		"AbilitySecondary1"
			"Action"		"dota_ability_execute 3"
			"Description"		"#DOTA_ExecuteAbility3"
			"Key"		"D"
			"Panel"		"#DOTA_KEYBIND_MENU_ABILITIES"
			"SubPanel"		"#DOTA_KEYBIND_ABILITY_HERO"
			"PanelRow"		"4"
			"Version"		"1"
			"Mode"		"0"
		}
		"AbilitySecondary2"
		{
			"Name"		"AbilitySecondary2"
			"Action"		"dota_ability_execute 4"
			"Description"		"#DOTA_ExecuteAbility4"
			"Key"		"F"
			"Panel"		"#DOTA_KEYBIND_MENU_ABILITIES"
			"SubPanel"		"#DOTA_KEYBIND_ABILITY_HERO"
			"PanelRow"		"5"
			"Version"		"1"
			"Mode"		"0"
		}
		"AbilityUltimate"
		{
			"Name"		"AbilityUltimate"
			"Action"		"dota_ability_execute 5"
			"Description"		"#DOTA_ExecuteAbility5"
			"Key"		"R"
			"Panel"		"#DOTA_KEYBIND_MENU_ABILITIES"
			"SubPanel"		"#DOTA_KEYBIND_ABILITY_HERO"
			"PanelRow"		"6"
			"Version"		"1"
			"Mode"		"0"
		}
		"AbilityPrimary1AutoCast"
		{
			"Name"		"AbilityPrimary1AutoCast"
			"Action"		"dota_ability_autocast 0"
			"Description"		"#DOTA_AutocastAbility0"
			"Key"		"q"
			"Modifier"		"ALT"
			"Panel"		"#DOTA_KEYBIND_MENU_ABILITIES"
			"SubPanel"		"#DOTA_KEYBIND_ABILITY_HERO"
			"PanelRow"		"13"
			"Version"		"1"
			"Mode"		"0"
		}
		"AbilityPrimary2AutoCast"
		{
			"Name"		"AbilityPrimary2AutoCast"
			"Action"		"dota_ability_autocast 1"
			"Description"		"#DOTA_AutocastAbility1"
			"Key"		"w"
			"Modifier"		"ALT"
			"Panel"		"#DOTA_KEYBIND_MENU_ABILITIES"
			"SubPanel"		"#DOTA_KEYBIND_ABILITY_HERO"
			"PanelRow"		"14"
			"Version"		"1"
			"Mode"		"0"
		}
		"AbilityPrimary3AutoCast"
		{
			"Name"		"AbilityPrimary3AutoCast"
			"Action"		"dota_ability_autocast 2"
			"Description"		"#DOTA_AutocastAbility2"
			"Key"		"e"
			"Modifier"		"ALT"
			"Panel"		"#DOTA_KEYBIND_MENU_ABILITIES"
			"SubPanel"		"#DOTA_KEYBIND_ABILITY_HERO"
			"PanelRow"		"15"
			"Version"		"1"
			"Mode"		"0"
		}
		"AbilitySecondary1AutoCast"
		{
			"Name"		"AbilitySecondary1AutoCast"
			"Action"		"dota_ability_autocast 3"
			"Description"		"#DOTA_AutocastAbility3"
			"Key"		"d"
			"Modifier"		"ALT"
			"Panel"		"#DOTA_KEYBIND_MENU_ABILITIES"
			"SubPanel"		"#DOTA_KEYBIND_ABILITY_HERO"
			"PanelRow"		"16"
			"Version"		"1"
			"Mode"		"0"
		}
		"AbilitySecondary2AutoCast"
		{
			"Name"		"AbilitySecondary2AutoCast"
			"Action"		"dota_ability_autocast 4"
			"Description"		"#DOTA_AutocastAbility4"
			"Key"		"f"
			"Modifier"		"ALT"
			"Panel"		"#DOTA_KEYBIND_MENU_ABILITIES"
			"SubPanel"		"#DOTA_KEYBIND_ABILITY_HERO"
			"PanelRow"		"17"
			"Version"		"1"
			"Mode"		"0"
		}
		"AbilityUltimateAutoCast"
		{
			"Name"		"AbilityUltimateAutoCast"
			"Action"		"dota_ability_autocast 5"
			"Description"		"#DOTA_AutocastAbility5"
			"Key"		"r"
			"Modifier"		"ALT"
			"Panel"		"#DOTA_KEYBIND_MENU_ABILITIES"
			"SubPanel"		"#DOTA_KEYBIND_ABILITY_HERO"
			"PanelRow"		"18"
			"Version"		"1"
			"Mode"		"0"
		}
		"LearnAbilities"
		{
			"Name"		"LearnAbilities"
			"Action"		"dota_ability_learn_mode"
			"Key"		"B"
			"Description"		"#DOTA_Learn_Abilities"
			"Panel"		"#DOTA_KEYBIND_MENU_ABILITIES"
			"SubPanel"		"#DOTA_KEYBIND_ABILITY_HERO"
			"PanelRow"		"8"
			"Version"		"1"
		}
		"LearnStats"
		{
			"Name"		"LearnStats"
			"Action"		"dota_learn_stats"
			"Description"		"#DOTA_Learn_Stats"
			"Panel"		"#DOTA_KEYBIND_MENU_ABILITIES"
			"SubPanel"		"#DOTA_KEYBIND_ABILITY_HERO"
			"PanelRow"		"9"
			"Version"		"1"
		}
		"LegacyAbilityPrimary1"
		{
			"Name"		"LegacyAbilityPrimary1"
			"Action"		"dota_ability_execute 0"
			"Description"		"#DOTA_ExecuteAbility0"
			"Version"		"1"
			"PanelRow"		"0"
		}
		"LegacyAbilityPrimary2"
		{
			"Name"		"LegacyAbilityPrimary2"
			"Action"		"dota_ability_execute 1"
			"Description"		"#DOTA_ExecuteAbility1"
			"Version"		"1"
			"PanelRow"		"0"
		}
		"LegacyAbilityPrimary3"
		{
			"Name"		"LegacyAbilityPrimary3"
			"Action"		"dota_ability_execute 2"
			"Description"		"#DOTA_ExecuteAbility2"
			"Version"		"1"
			"PanelRow"		"0"
		}
		"LegacyAbilitySecondary1"
		{
			"Name"		"LegacyAbilitySecondary1"
			"Action"		"dota_ability_execute 3"
			"Description"		"#DOTA_ExecuteAbility3"
			"Version"		"1"
			"PanelRow"		"0"
		}
		"LegacyAbilitySecondary2"
		{
			"Name"		"LegacyAbilitySecondary2"
			"Action"		"dota_ability_execute 4"
			"Description"		"#DOTA_ExecuteAbility4"
			"Version"		"1"
			"PanelRow"		"0"
		}
		"LegacyAbilityUltimate"
		{
			"Name"		"LegacyAbilityUltimate"
			"Action"		"dota_ability_execute 5"
			"Description"		"#DOTA_ExecuteAbility5"
			"Version"		"1"
			"PanelRow"		"0"
		}
		"Inventory1"
		{
			"Name"		"Inventory1"
			"Action"		"dota_item_execute 0"
			"Key"		"1"
			"Panel"		"#DOTA_KEYBIND_MENU_ITEMS"
			"PanelRow"		"1"
			"Description"		"#DOTA_Inventory1"
			"Version"		"1"
			"Mode"		"0"
		}
		"Inventory2"
		{
			"Name"		"Inventory2"
			"Action"		"dota_item_execute 1"
			"Key"		"2"
			"Panel"		"#DOTA_KEYBIND_MENU_ITEMS"
			"PanelRow"		"2"
			"Description"		"#DOTA_Inventory2"
			"Version"		"1"
			"Mode"		"0"
		}
		"Inventory3"
		{
			"Name"		"Inventory3"
			"Action"		"dota_item_execute 2"
			"Key"		"3"
			"Panel"		"#DOTA_KEYBIND_MENU_ITEMS"
			"PanelRow"		"3"
			"Description"		"#DOTA_Inventory3"
			"Version"		"1"
			"Mode"		"0"
		}
		"Inventory4"
		{
			"Name"		"Inventory4"
			"Action"		"dota_item_execute 3"
			"Key"		"4"
			"Panel"		"#DOTA_KEYBIND_MENU_ITEMS"
			"PanelRow"		"4"
			"Description"		"#DOTA_Inventory4"
			"Version"		"1"
			"Mode"		"0"
		}
		"Inventory5"
		{
			"Name"		"Inventory5"
			"Action"		"dota_item_execute 4"
			"Key"		"T"
			"Panel"		"#DOTA_KEYBIND_MENU_ITEMS"
			"PanelRow"		"5"
			"Description"		"#DOTA_Inventory5"
			"Version"		"1"
			"Mode"		"0"
		}
		"Inventory6"
		{
			"Name"		"Inventory6"
			"Action"		"dota_item_execute 5"
			"Key"		"V"
			"Panel"		"#DOTA_KEYBIND_MENU_ITEMS"
			"PanelRow"		"6"
			"Description"		"#DOTA_Inventory6"
			"Version"		"1"
			"Mode"		"0"
		}
		"Inventory1QuickCast"
		{
			"Name"		"Inventory1QuickCast"
			"Action"		"dota_item_quick_cast 0"
			"Description"		"#DOTA_QuickCastInventory1"
			"Panel"		"#DOTA_KEYBIND_MENU_ITEMS"
			"PanelRow"		"16"
			"Version"		"1"
		}
		"Inventory2QuickCast"
		{
			"Name"		"Inventory2QuickCast"
			"Action"		"dota_item_quick_cast 1"
			"Description"		"#DOTA_QuickCastInventory2"
			"Panel"		"#DOTA_KEYBIND_MENU_ITEMS"
			"PanelRow"		"17"
			"Version"		"1"
		}
		"Inventory3QuickCast"
		{
			"Name"		"Inventory3QuickCast"
			"Action"		"dota_item_quick_cast 2"
			"Description"		"#DOTA_QuickCastInventory3"
			"Panel"		"#DOTA_KEYBIND_MENU_ITEMS"
			"PanelRow"		"18"
			"Version"		"1"
		}
		"Inventory4QuickCast"
		{
			"Name"		"Inventory4QuickCast"
			"Action"		"dota_item_quick_cast 3"
			"Description"		"#DOTA_QuickCastInventory4"
			"Panel"		"#DOTA_KEYBIND_MENU_ITEMS"
			"PanelRow"		"19"
			"Version"		"1"
		}
		"Inventory5QuickCast"
		{
			"Name"		"Inventory5QuickCast"
			"Action"		"dota_item_quick_cast 4"
			"Description"		"#DOTA_QuickCastInventory5"
			"Panel"		"#DOTA_KEYBIND_MENU_ITEMS"
			"PanelRow"		"20"
			"Version"		"1"
		}
		"Inventory6QuickCast"
		{
			"Name"		"Inventory6QuickCast"
			"Action"		"dota_item_quick_cast 5"
			"Description"		"#DOTA_QuickCastInventory6"
			"Panel"		"#DOTA_KEYBIND_MENU_ITEMS"
			"PanelRow"		"21"
			"Version"		"1"
		}
		"ShopToggle"
		{
			"Name"		"ShopToggle"
			"Action"		"toggleshoppanel"
			"Panel"		"#DOTA_KEYBIND_MENU_ITEMS"
			"PanelRow"		"8"
			"Description"		"#DOTA_Shop"
			"Version"		"1"
		}
		"PurchaseQuickbuy"
		{
			"Name"		"PurchaseQuickbuy"
			"Action"		"dota_purchase_quickbuy"
			"Key"		"N"
			"Panel"		"#DOTA_KEYBIND_MENU_ITEMS"
			"PanelRow"		"9"
			"Description"		"#DOTA_PurchaseQuickbuy"
			"Version"		"2"
		}
		"PurchaseSticky"
		{
			"Name"		"PurchaseSticky"
			"Action"		"dota_purchase_stickybuy"
			"Panel"		"#DOTA_KEYBIND_MENU_ITEMS"
			"PanelRow"		"10"
			"Description"		"#DOTA_PurchaseSticky"
			"Version"		"1"
		}
		"GrabStashItems"
		{
			"Name"		"GrabStashItems"
			"Action"		"stash_grab_all"
			"Panel"		"#DOTA_KEYBIND_MENU_ITEMS"
			"PanelRow"		"12"
			"Description"		"#DOTA_GrabStashItems"
			"Version"		"1"
		}
		"Console"
		{
			"Name"		"Console"
			"Action"		"toggleconsole"
			"Panel"		"#DOTA_KEYBIND_MENU_METAGAME"
			"PanelRow"		"1"
			"Description"		"#DOTA_Console"
			"PreGameBind"		"1"
			"Version"		"1"
			"Mode"		"0"
		}
		"Pause"
		{
			"Name"		"Pause"
			"Action"		"dota_pause"
			"Key"		"F9"
			"Panel"		"#DOTA_KEYBIND_MENU_METAGAME"
			"PanelRow"		"2"
			"Description"		"#DOTA_Pause"
			"Version"		"2"
		}
		"ScreenshotSettings"
		{
			"Name"		"ScreenshotSettings"
			"Action"		"jpeg_screenshot"
			"Panel"		"#DOTA_KEYBIND_MENU_METAGAME"
			"PanelRow"		"3"
			"Description"		"#DOTA_Screenshot"
			"Version"		"2"
			"Key"		"F6"
		}
		"Escape"
		{
			"Name"		"Escape"
			"Action"		"escape"
			"Key"		"ESCAPE"
			"Description"		"#DOTA_Escape"
			"Version"		"1"
			"PanelRow"		"0"
		}
		"SpectatorCameraUp"
		{
			"Name"		"SpectatorCameraUp"
			"Action"		"+forward"
			"Key"		"UPARROW"
			"Panel"		"#DOTA_KEYBIND_MENU_SPECTATOR"
			"SubPanel"		"#DOTA_KEYBIND_SPECTATOR_CONTROLS"
			"PanelRow"		"1"
			"Description"		"#DOTA_SpectatorForward"
			"Version"		"2"
		}
		"SpectatorCameraDown"
		{
			"Name"		"SpectatorCameraDown"
			"Action"		"+back"
			"Key"		"DOWNARROW"
			"Panel"		"#DOTA_KEYBIND_MENU_SPECTATOR"
			"SubPanel"		"#DOTA_KEYBIND_SPECTATOR_CONTROLS"
			"PanelRow"		"2"
			"Description"		"#DOTA_SpectatorBack"
			"Version"		"2"
		}
		"SpectatorCameraLeft"
		{
			"Name"		"SpectatorCameraLeft"
			"Action"		"+moveleft"
			"Key"		"LEFTARROW"
			"Panel"		"#DOTA_KEYBIND_MENU_SPECTATOR"
			"SubPanel"		"#DOTA_KEYBIND_SPECTATOR_CONTROLS"
			"PanelRow"		"3"
			"Description"		"#DOTA_SpectatorLeft"
			"Version"		"2"
		}
		"SpectatorCameraRight"
		{
			"Name"		"SpectatorCameraRight"
			"Action"		"+moveright"
			"Key"		"RIGHTARROW"
			"Panel"		"#DOTA_KEYBIND_MENU_SPECTATOR"
			"SubPanel"		"#DOTA_KEYBIND_SPECTATOR_CONTROLS"
			"PanelRow"		"4"
			"Description"		"#DOTA_SpectatorRight"
			"Version"		"2"
		}
		"SpectatorCameraGrip"
		{
			"Name"		"SpectatorCameraGrip"
			"Action"		"+cameragrip"
			"Panel"		"#DOTA_KEYBIND_MENU_SPECTATOR"
			"SubPanel"		"#DOTA_KEYBIND_SPECTATOR_CONTROLS"
			"PanelRow"		"5"
			"Description"		"#DOTA_SpectatorGrip"
			"Version"		"2"
			"Key"		"MOUSE3"
		}
		"SpectatorPause"
		{
			"Name"		"SpectatorPause"
			"Action"		"dota_spectator_pausetoggle"
			"Panel"		"#DOTA_KEYBIND_MENU_SPECTATOR"
			"SubPanel"		"#DOTA_KEYBIND_SPECTATOR_CONTROLS"
			"PanelRow"		"7"
			"Description"		"#DOTA_SpectatorPause"
			"Version"		"2"
		}
		"SpectatorSelect"
		{
			"Name"		"SpectatorSelect"
			"Action"		"dota_spectator_select_under_mouse"
			"Panel"		"#DOTA_KEYBIND_MENU_SPECTATOR"
			"SubPanel"		"#DOTA_KEYBIND_SPECTATOR_CONTROLS"
			"PanelRow"		"9"
			"Description"		"#DOTA_SpectatorSelect"
			"Version"		"3"
		}
		"SpectatorIncreaseReplaySpeed"
		{
			"Name"		"SpectatorIncreaseReplaySpeed"
			"Action"		"dota_spectator_increasereplayspeed"
			"Key"		"="
			"Panel"		"#DOTA_KEYBIND_MENU_SPECTATOR"
			"SubPanel"		"#DOTA_KEYBIND_SPECTATOR_CONTROLS"
			"PanelRow"		"22"
			"Description"		"#DOTA_SpectatorIncreaseReplaySpeed"
			"Version"		"3"
		}
		"SpectatorDecreaseReplaySpeed"
		{
			"Name"		"SpectatorDecreaseReplaySpeed"
			"Action"		"dota_spectator_decreasereplayspeed"
			"Key"		"-"
			"Panel"		"#DOTA_KEYBIND_MENU_SPECTATOR"
			"SubPanel"		"#DOTA_KEYBIND_SPECTATOR_CONTROLS"
			"PanelRow"		"23"
			"Description"		"#DOTA_SpectatorDecreaseReplaySpeed"
			"Version"		"3"
		}
		"SpectatorChat"
		{
			"Name"		"SpectatorChat"
			"Action"		"say"
			"Key"		"ENTER"
			"Panel"		"#DOTA_KEYBIND_MENU_SPECTATOR"
			"SubPanel"		"#DOTA_KEYBIND_SPECTATOR_CONTROLS"
			"PanelRow"		"8"
			"Description"		"#DOTA_SpectatorChat"
			"Version"		"3"
		}
		"SpectatorScoreboard"
		{
			"Name"		"SpectatorScoreboard"
			"Action"		"+showscores"
			"Key"		"TAB"
			"Panel"		"#DOTA_KEYBIND_MENU_SPECTATOR"
			"SubPanel"		"#DOTA_KEYBIND_SPECTATOR_CONTROLS"
			"PanelRow"		"9"
			"Description"		"#DOTA_SpectatorScoreboard"
			"Version"		"2"
		}
		"SpectatorStatsHarvest"
		{
			"Name"		"SpectatorStatsHarvest"
			"Action"		"dota_spectator_statstoggle 0"
			"Key"		"F4"
			"Panel"		"#DOTA_KEYBIND_MENU_SPECTATOR"
			"SubPanel"		"#DOTA_KEYBIND_SPECTATOR_CONTROLS"
			"PanelRow"		"13"
			"Description"		"#DOTA_SpectatorStatsHarvest"
			"Version"		"2"
		}
		"SpectatorStatsItem"
		{
			"Name"		"SpectatorStatsItem"
			"Action"		"dota_spectator_statstoggle 1"
			"Key"		"F5"
			"Panel"		"#DOTA_KEYBIND_MENU_SPECTATOR"
			"SubPanel"		"#DOTA_KEYBIND_SPECTATOR_CONTROLS"
			"PanelRow"		"14"
			"Description"		"#DOTA_SpectatorStatsItem"
			"Version"		"2"
		}
		"SpectatorStatsGold"
		{
			"Name"		"SpectatorStatsGold"
			"Action"		"dota_spectator_statstoggle 2"
			"Key"		"F6"
			"Panel"		"#DOTA_KEYBIND_MENU_SPECTATOR"
			"SubPanel"		"#DOTA_KEYBIND_SPECTATOR_CONTROLS"
			"PanelRow"		"15"
			"Description"		"#DOTA_SpectatorStatsGold"
			"Version"		"2"
		}
		"SpectatorStatsXP"
		{
			"Name"		"SpectatorStatsXP"
			"Action"		"dota_spectator_statstoggle 4"
			"Key"		"F7"
			"Panel"		"#DOTA_KEYBIND_MENU_SPECTATOR"
			"SubPanel"		"#DOTA_KEYBIND_SPECTATOR_CONTROLS"
			"PanelRow"		"16"
			"Description"		"#DOTA_SpectatorStatsXP"
			"Version"		"2"
		}
		"SpectatorStatsFantasy"
		{
			"Name"		"SpectatorStatsFantasy"
			"Action"		"dota_spectator_statstoggle 5"
			"Key"		"F8"
			"Panel"		"#DOTA_KEYBIND_MENU_SPECTATOR"
			"SubPanel"		"#DOTA_KEYBIND_SPECTATOR_CONTROLS"
			"PanelRow"		"17"
			"Description"		"#DOTA_SpectatorStatsFantasy"
			"Version"		"2"
		}
		"SpectatorFOWBoth"
		{
			"Name"		"SpectatorFOWBoth"
			"Action"		"dota_spectator_fowtoggle 0"
			"Key"		"F1"
			"Panel"		"#DOTA_KEYBIND_MENU_SPECTATOR"
			"SubPanel"		"#DOTA_KEYBIND_SPECTATOR_CONTROLS"
			"PanelRow"		"18"
			"Description"		"#DOTA_SpectatorFOWBoth"
			"Version"		"3"
		}
		"SpectatorFOWRadient"
		{
			"Name"		"SpectatorFOWRadient"
			"Action"		"dota_spectator_fowtoggle 1"
			"Key"		"F2"
			"Panel"		"#DOTA_KEYBIND_MENU_SPECTATOR"
			"SubPanel"		"#DOTA_KEYBIND_SPECTATOR_CONTROLS"
			"PanelRow"		"19"
			"Description"		"#DOTA_SpectatorFOWRadient"
			"Version"		"3"
		}
		"SpectatorFOWDire"
		{
			"Name"		"SpectatorFOWDire"
			"Action"		"dota_spectator_fowtoggle 2"
			"Key"		"F3"
			"Panel"		"#DOTA_KEYBIND_MENU_SPECTATOR"
			"SubPanel"		"#DOTA_KEYBIND_SPECTATOR_CONTROLS"
			"PanelRow"		"20"
			"Description"		"#DOTA_SpectatorFOWDire"
			"Version"		"3"
		}
		"SpectatorBroadcasterMenu"
		{
			"Name"		"SpectatorBroadcasterMenu"
			"Action"		"broadcaster_openmenu"
			"Key"		"F10"
			"Panel"		"#DOTA_KEYBIND_MENU_SPECTATOR"
			"SubPanel"		"#DOTA_KEYBIND_SPECTATOR_CONTROLS"
			"PanelRow"		"10"
			"Description"		"#DOTA_SpectatorBroadcasterMenu"
			"Version"		"2"
		}
		"SpectatorDropdown_KDA"
		{
			"Name"		"SpectatorDropdown_KDA"
			"Action"		"stat_dropdown kda"
			"Key"		"q"
			"Panel"		"#DOTA_KEYBIND_MENU_SPECTATOR"
			"SubPanel"		"#DOTA_KEYBIND_SPECTATOR_STATS"
			"PanelRow"		"1"
			"Description"		"#DOTA_SpectatorDropdown_KDA"
			"Version"		"1"
		}
		"SpectatorDropdown_Lasthits_Denies"
		{
			"Name"		"SpectatorDropdown_Lasthits_Denies"
			"Action"		"stat_dropdown lasthits_denies"
			"Key"		"w"
			"Panel"		"#DOTA_KEYBIND_MENU_SPECTATOR"
			"SubPanel"		"#DOTA_KEYBIND_SPECTATOR_STATS"
			"PanelRow"		"2"
			"Description"		"#DOTA_SpectatorDropdown_Lasthits_Denies"
			"Version"		"1"
		}
		"SpectatorDropdown_Level"
		{
			"Name"		"SpectatorDropdown_Level"
			"Action"		"stat_dropdown level"
			"Key"		"e"
			"Panel"		"#DOTA_KEYBIND_MENU_SPECTATOR"
			"SubPanel"		"#DOTA_KEYBIND_SPECTATOR_STATS"
			"PanelRow"		"3"
			"Description"		"#DOTA_SpectatorDropdown_Level"
			"Version"		"1"
		}
		"SpectatorDropdown_XP_Per_Min"
		{
			"Name"		"SpectatorDropdown_XP_Per_Min"
			"Action"		"stat_dropdown xp_per_min"
			"Key"		"r"
			"Panel"		"#DOTA_KEYBIND_MENU_SPECTATOR"
			"SubPanel"		"#DOTA_KEYBIND_SPECTATOR_STATS"
			"PanelRow"		"4"
			"Description"		"#DOTA_SpectatorDropdown_XP_Per_Min"
			"Version"		"1"
		}
		"SpectatorDropdown_Gold"
		{
			"Name"		"SpectatorDropdown_Gold"
			"Action"		"stat_dropdown gold"
			"Key"		"t"
			"Panel"		"#DOTA_KEYBIND_MENU_SPECTATOR"
			"SubPanel"		"#DOTA_KEYBIND_SPECTATOR_STATS"
			"PanelRow"		"5"
			"Description"		"#DOTA_SpectatorDropdown_Gold"
			"Version"		"1"
		}
		"SpectatorDropdown_NetWorth"
		{
			"Name"		"SpectatorDropdown_NetWorth"
			"Action"		"stat_dropdown networth"
			"Key"		"y"
			"Panel"		"#DOTA_KEYBIND_MENU_SPECTATOR"
			"SubPanel"		"#DOTA_KEYBIND_SPECTATOR_STATS"
			"PanelRow"		"6"
			"Description"		"#DOTA_SpectatorDropdown_NetWorth"
			"Version"		"1"
		}
		"SpectatorDropdown_Fantasy"
		{
			"Name"		"SpectatorDropdown_Fantasy"
			"Action"		"stat_dropdown fantasy"
			"Key"		"o"
			"Panel"		"#DOTA_KEYBIND_MENU_SPECTATOR"
			"SubPanel"		"#DOTA_KEYBIND_SPECTATOR_STATS"
			"PanelRow"		"9"
			"Description"		"#DOTA_SpectatorDropdown_Fantasy"
			"Version"		"1"
		}
		"SpectatorDropdown_TotalGold"
		{
			"Name"		"SpectatorDropdown_TotalGold"
			"Action"		"stat_dropdown totalgold"
			"Panel"		"#DOTA_KEYBIND_MENU_SPECTATOR"
			"SubPanel"		"#DOTA_KEYBIND_SPECTATOR_STATS"
			"PanelRow"		"-1"
			"Description"		"#DOTA_SpectatorDropdown_TotalGold"
			"Version"		"4"
		}
		"SpectatorDropdown_Gold_Per_Min"
		{
			"Name"		"SpectatorDropdown_Gold_Per_Min"
			"Action"		"stat_dropdown gold_per_min"
			"Key"		"u"
			"Panel"		"#DOTA_KEYBIND_MENU_SPECTATOR"
			"SubPanel"		"#DOTA_KEYBIND_SPECTATOR_STATS"
			"PanelRow"		"7"
			"Description"		"#DOTA_SpectatorDropdown_Gold_Per_Min"
			"Version"		"1"
			"PanelParent"		"page2"
		}
		"SpectatorDropdown_Buyback"
		{
			"Name"		"SpectatorDropdown_Buyback"
			"Action"		"stat_dropdown buyback"
			"Key"		"i"
			"Panel"		"#DOTA_KEYBIND_MENU_SPECTATOR"
			"SubPanel"		"#DOTA_KEYBIND_SPECTATOR_STATS"
			"PanelRow"		"8"
			"Description"		"#DOTA_SpectatorDropdown_Buyback"
			"Version"		"1"
		}
		"SpectatorDropdown_Sort"
		{
			"Name"		"SpectatorDropdown_Sort"
			"Action"		"stat_dropdown_sort"
			"Key"		"s"
			"Panel"		"#DOTA_KEYBIND_MENU_SPECTATOR"
			"SubPanel"		"#DOTA_KEYBIND_SPECTATOR_STATS"
			"PanelRow"		"13"
			"Description"		"#DOTA_SpectatorDropdown_Sort"
			"Version"		"2"
		}
		"SpectatorDropdown_Close"
		{
			"Name"		"SpectatorDropdown_Close"
			"Action"		"stat_dropdown close"
			"Key"		"a"
			"Panel"		"#DOTA_KEYBIND_MENU_SPECTATOR"
			"SubPanel"		"#DOTA_KEYBIND_SPECTATOR_STATS"
			"PanelRow"		"14"
			"Description"		"#DOTA_SpectatorDropdown_Close"
			"Version"		"2"
		}
		"ShopTabConsumables"
		{
			"Name"		"ShopTabConsumables"
			"Action"		"shop_nav_to_tab 0"
			"Key"		"q"
			"Description"		"#DOTA_Shop_Hotkey_Consumables"
			"Version"		"2"
			"PanelRow"		"0"
			"Mode"		"-1"
		}
		"ShopTabAttributes"
		{
			"Name"		"ShopTabAttributes"
			"Action"		"shop_nav_to_tab 1"
			"Key"		"w"
			"Description"		"#DOTA_Shop_Hotkey_Attributes"
			"Version"		"2"
			"PanelRow"		"0"
			"Mode"		"-1"
		}
		"ShopTabArmaments"
		{
			"Name"		"ShopTabArmaments"
			"Action"		"shop_nav_to_tab 2"
			"Key"		"e"
			"Description"		"#DOTA_Shop_Hotkey_Armaments"
			"Version"		"2"
			"PanelRow"		"0"
			"Mode"		"-1"
		}
		"ShopTabArcane"
		{
			"Name"		"ShopTabArcane"
			"Action"		"shop_nav_to_tab 3"
			"Key"		"r"
			"Description"		"#DOTA_Shop_Hotkey_Arcane"
			"Version"		"2"
			"PanelRow"		"0"
			"Mode"		"-1"
		}
		"ShopTabBasics"
		{
			"Name"		"ShopTabBasics"
			"Action"		"shop_nav_to_tab 4"
			"Key"		"a"
			"Description"		"#DOTA_Shop_Hotkey_Basics"
			"Version"		"2"
			"PanelRow"		"0"
			"Mode"		"-1"
		}
		"ShopTabSupport"
		{
			"Name"		"ShopTabSupport"
			"Action"		"shop_nav_to_tab 5"
			"Key"		"s"
			"Description"		"#DOTA_Shop_Hotkey_Support"
			"Version"		"2"
			"PanelRow"		"0"
			"Mode"		"-1"
		}
		"ShopTabCaster"
		{
			"Name"		"ShopTabCaster"
			"Action"		"shop_nav_to_tab 6"
			"Key"		"d"
			"Description"		"#DOTA_Shop_Hotkey_Caster"
			"Version"		"2"
			"PanelRow"		"0"
			"Mode"		"-1"
		}
		"ShopTabWeapons"
		{
			"Name"		"ShopTabWeapons"
			"Action"		"shop_nav_to_tab 7"
			"Key"		"g"
			"Description"		"#DOTA_Shop_Hotkey_Weapons"
			"Version"		"2"
			"PanelRow"		"0"
			"Mode"		"-1"
		}
		"ShopTabArmor"
		{
			"Name"		"ShopTabArmor"
			"Action"		"shop_nav_to_tab 8"
			"Key"		"f"
			"Description"		"#DOTA_Shop_Hotkey_Armor"
			"Version"		"2"
			"PanelRow"		"0"
			"Mode"		"-1"
		}
		"ShopTabArtifacts"
		{
			"Name"		"ShopTabArtifacts"
			"Action"		"shop_nav_to_tab 9"
			"Key"		"h"
			"Description"		"#DOTA_Shop_Hotkey_Artifacts"
			"Version"		"2"
			"PanelRow"		"0"
			"Mode"		"-1"
		}
		"ShopTabSidePage1"
		{
			"Name"		"ShopTabSidePage1"
			"Action"		"shop_nav_to_tab 10"
			"Key"		"z"
			"Description"		"#DOTA_Shop_Hotkey_SidePage1"
			"Version"		"2"
			"PanelRow"		"0"
			"Mode"		"-1"
		}
		"ShopTabSidePage2"
		{
			"Name"		"ShopTabSidePage2"
			"Action"		"shop_nav_to_tab 11"
			"Key"		"x"
			"Description"		"#DOTA_Shop_Hotkey_SidePage2"
			"Version"		"2"
			"PanelRow"		"0"
			"Mode"		"-1"
		}
		"ShopTabSecret"
		{
			"Name"		"ShopTabSecret"
			"Action"		"shop_nav_to_tab 12"
			"Key"		"c"
			"Description"		"#DOTA_Shop_Hotkey_Secret"
			"Version"		"2"
			"PanelRow"		"0"
			"Mode"		"-1"
		}
		"ShopTabSearchBox"
		{
			"Name"		"ShopTabSearchBox"
			"Action"		"shop_nav_to_search"
			"Key"		"v"
			"Description"		"#DOTA_Shop_Hotkey_Search"
			"Version"		"4"
			"PanelRow"		"0"
			"Mode"		"-1"
		}
		"ShopSlot1"
		{
			"Name"		"ShopSlot1"
			"Action"		"shop_select_itemrow 1"
			"Key"		"1"
			"Version"		"3"
			"PanelRow"		"0"
			"Mode"		"-1"
		}
		"ShopSlot2"
		{
			"Name"		"ShopTabSecret"
			"Action"		"shop_select_itemrow 2"
			"Key"		"2"
			"Version"		"2"
			"PanelRow"		"0"
			"Mode"		"-1"
		}
		"ShopSlot3"
		{
			"Name"		"ShopTabSecret"
			"Action"		"shop_select_itemrow 3"
			"Key"		"3"
			"Version"		"2"
			"PanelRow"		"0"
			"Mode"		"-1"
		}
		"ShopSlot4"
		{
			"Name"		"ShopTabSecret"
			"Action"		"shop_select_itemrow 4"
			"Key"		"4"
			"Version"		"2"
			"PanelRow"		"0"
			"Mode"		"-1"
		}
		"ShopSlot5"
		{
			"Name"		"ShopTabSecret"
			"Action"		"shop_select_itemrow 5"
			"Key"		"5"
			"Version"		"2"
			"PanelRow"		"0"
			"Mode"		"-1"
		}
		"ShopSlot6"
		{
			"Name"		"ShopTabSecret"
			"Action"		"shop_select_itemrow 6"
			"Key"		"6"
			"Version"		"2"
			"PanelRow"		"0"
			"Mode"		"-1"
		}
		"ShopSlot7"
		{
			"Name"		"ShopTabSecret"
			"Action"		"shop_select_itemrow 7"
			"Key"		"7"
			"Version"		"2"
			"PanelRow"		"0"
			"Mode"		"-1"
		}
		"ShopSlot8"
		{
			"Name"		"ShopTabSecret"
			"Action"		"shop_select_itemrow 8"
			"Key"		"8"
			"Version"		"2"
			"PanelRow"		"0"
			"Mode"		"-1"
		}
		"ShopSlot9"
		{
			"Name"		"ShopTabSecret"
			"Action"		"shop_select_itemrow 9"
			"Key"		"9"
			"Version"		"2"
			"PanelRow"		"0"
			"Mode"		"-1"
		}
		"ShopSlot10"
		{
			"Name"		"ShopTabSecret"
			"Action"		"shop_select_itemrow 10"
			"Key"		"0"
			"Version"		"2"
			"PanelRow"		"0"
			"Mode"		"-1"
		}
		"ShopSlot11"
		{
			"Name"		"ShopTabSecret"
			"Action"		"shop_select_itemrow 11"
			"Key"		"-"
			"Version"		"2"
			"PanelRow"		"0"
			"Mode"		"-1"
		}
		"ShopSlot12"
		{
			"Name"		"ShopTabSecret"
			"Action"		"shop_select_itemrow 12"
			"Key"		"="
			"Version"		"1"
			"PanelRow"		"0"
			"Mode"		"-1"
		}
		"SpectatorCoach_ViewToggle"
		{
			"Name"		"SpectatorCoach_ViewToggle"
			"Action"		"coach_toggle_studentview"
			"Key"		"SPACE"
			"Panel"		"#DOTA_KEYBIND_MENU_SPECTATOR"
			"SubPanel"		"#DOTA_KEYBIND_SPECTATOR_CONTROLS"
			"PanelRow"		"12"
			"Description"		"#DOTA_SpectatorCoach_ViewToggle"
			"Version"		"3"
		}
		"InspectHeroInWorld"
		{
			"Name"		"InspectHeroInWorld"
			"Action"		"inspectheroinworld"
			"Key"		"I"
			"Panel"		"#DOTA_KEYBIND_MENU_PLAYER"
			"PanelRow"		"13"
			"Description"		"#DOTA_InspectHeroInWorld"
			"Version"		"1"
		}
		"ChatVoiceParty"
		{
			"Name"		"ChatVoiceParty"
			"Action"		"+iv_voicerecord_party"
			"Panel"		"#DOTA_KEYBIND_MENU_CHAT"
			"PanelRow"		"3"
			"Description"		"#DOTA_Voice_Party"
			"Version"		"1"
			"Mode"		"0"
		}
		"ChatVoiceTeam"
		{
			"Name"		"ChatVoiceTeam"
			"Action"		"+voicerecord"
			"Panel"		"#DOTA_KEYBIND_MENU_CHAT"
			"PanelRow"		"3"
			"Description"		"#DOTA_Voice"
			"Version"		"1"
			"Key"		"G"
			"Mode"		"0"
		}
		"HeroPatrol"
		{
			"Name"		"HeroPatrol"
			"Action"		"mc_patrol"
			"Panel"		"#DOTA_KEYBIND_MENU_UNITACTIONS"
			"PanelRow"		"2"
			"Version"		"1"
		}
		"CameraZoomIn"
		{
			"Key"		"MWHEELUP"
			"Mode"		"0"
		}
		"CameraZoomOut"
		{
			"Key"		"MWHEELDOWN"
			"Mode"		"0"
		}
		"Inventory1AutoCast"
		{
			"Key"		"1"
			"Modifier"		"ALT"
			"Mode"		"0"
		}
		"Inventory2AutoCast"
		{
			"Key"		"2"
			"Modifier"		"ALT"
			"Mode"		"0"
		}
		"Inventory3AutoCast"
		{
			"Key"		"3"
			"Modifier"		"ALT"
			"Mode"		"0"
		}
		"Inventory4AutoCast"
		{
			"Key"		"4"
			"Modifier"		"ALT"
			"Mode"		"0"
		}
		"Inventory5AutoCast"
		{
			"Key"		"t"
			"Modifier"		"ALT"
			"Mode"		"0"
		}
		"Inventory6AutoCast"
		{
			"Key"		"v"
			"Modifier"		"ALT"
			"Mode"		"0"
		}
		"ActivateRadar"
		{
			"Key"		"P"
			"Mode"		"0"
		}
		"SpectatorCameraFocusPlayer1"
		{
			"Key"		"1"
			"Mode"		"0"
		}
		"SpectatorCameraFocusPlayer2"
		{
			"Key"		"2"
			"Mode"		"0"
		}
		"SpectatorCameraFocusPlayer3"
		{
			"Key"		"3"
			"Mode"		"0"
		}
		"SpectatorCameraFocusPlayer4"
		{
			"Key"		"4"
			"Mode"		"0"
		}
		"SpectatorCameraFocusPlayer5"
		{
			"Key"		"5"
			"Mode"		"0"
		}
		"SpectatorCameraFocusPlayer6"
		{
			"Key"		"6"
			"Mode"		"0"
		}
		"SpectatorCameraFocusPlayer7"
		{
			"Key"		"7"
			"Mode"		"0"
		}
		"SpectatorCameraFocusPlayer8"
		{
			"Key"		"8"
			"Mode"		"0"
		}
		"SpectatorCameraFocusPlayer9"
		{
			"Key"		"9"
			"Mode"		"0"
		}
		"SpectatorCameraFocusPlayer10"
		{
			"Key"		"0"
			"Mode"		"0"
		}
		"ShopSlot13"
		{
			"Key"		"["
			"Mode"		"-1"
		}
		"ShopSlot14"
		{
			"Key"		"]"
			"Mode"		"-1"
		}
		"HeroChatWheel"
		{
			"Mode"		"0"
		}
		"InventoryTP"
		{
			"Key"		"C"
			"Mode"		"0"
		}
		"InventoryTPAutoCast"
		{
			"Key"		"c"
			"Modifier"		"ALT"
			"Mode"		"0"
		}
		"InventoryNeutral"
		{
			"Key"		"5"
			"Mode"		"0"
		}
		"InventoryNeutralAutoCast"
		{
			"Key"		"5"
			"Modifier"		"ALT"
			"Mode"		"0"
		}
		"TalentUpgradeStatLeft"
		{
			"Key"		"1"
			"Mode"		"-1"
		}
		"TalentUpgradeStatRight"
		{
			"Key"		"2"
			"Mode"		"-1"
		}
		"TalentUpgradeAttribute"
		{
			"Key"		"3"
			"Mode"		"-1"
		}
	}
	"HeroBuildNagCount2"		"3"
	"Units"
	{
		"npc_dota_courier"
		{
			"AbilityPrimary1"
			{
				"Name"		"CourierAbility1"
				"Action"		"dota_ability_execute 0"
				"Description"		"#DOTA_CourierAbility1"
				"Key"		"Q"
				"Panel"		"#DOTA_KEYBIND_MENU_ABILITIES"
				"SubPanel"		"#DOTA_KEYBIND_ABILITY_COURIER"
				"PanelRow"		"1"
				"Version"		"1"
			}
			"AbilityPrimary2"
			{
				"Name"		"CourierAbility2"
				"Action"		"dota_ability_execute 1"
				"Description"		"#DOTA_CourierAbility2"
				"Key"		"W"
				"Panel"		"#DOTA_KEYBIND_MENU_ABILITIES"
				"SubPanel"		"#DOTA_KEYBIND_ABILITY_COURIER"
				"PanelRow"		"2"
				"Version"		"1"
			}
			"AbilityPrimary3"
			{
				"Name"		"CourierAbility3"
				"Action"		"dota_ability_execute 2"
				"Description"		"#DOTA_CourierAbility3"
				"Panel"		"#DOTA_KEYBIND_MENU_ABILITIES"
				"SubPanel"		"#DOTA_KEYBIND_ABILITY_COURIER"
				"PanelRow"		"3"
				"Version"		"1"
				"Key"		"E"
			}
			"AbilitySecondary1"
			{
				"Name"		"CourierAbility4"
				"Action"		"dota_ability_execute 3"
				"Description"		"#DOTA_CourierAbility4"
				"Key"		"D"
				"Panel"		"#DOTA_KEYBIND_MENU_ABILITIES"
				"SubPanel"		"#DOTA_KEYBIND_ABILITY_COURIER"
				"PanelRow"		"4"
				"Version"		"1"
			}
			"AbilitySecondary2"
			{
				"Name"		"CourierAbility5"
				"Action"		"dota_ability_execute 4"
				"Description"		"#DOTA_CourierAbility5"
				"Key"		"F"
				"Panel"		"#DOTA_KEYBIND_MENU_ABILITIES"
				"SubPanel"		"#DOTA_KEYBIND_ABILITY_COURIER"
				"PanelRow"		"5"
				"Version"		"1"
			}
			"AbilityUltimate"
			{
				"Name"		"CourierAbility6"
				"Action"		"dota_ability_execute 5"
				"Description"		"#DOTA_CourierAbility6"
				"Key"		"R"
				"Panel"		"#DOTA_KEYBIND_MENU_ABILITIES"
				"SubPanel"		"#DOTA_KEYBIND_ABILITY_COURIER"
				"PanelRow"		"6"
				"Version"		"1"
			}
			"AbilityPrimary1AutoCast"
			{
				"Key"		"q"
				"Modifier"		"ALT"
				"Mode"		"0"
			}
			"AbilityPrimary2AutoCast"
			{
				"Key"		"w"
				"Modifier"		"ALT"
				"Mode"		"0"
			}
			"AbilityPrimary3AutoCast"
			{
				"Key"		"e"
				"Modifier"		"ALT"
				"Mode"		"0"
			}
			"AbilitySecondary1AutoCast"
			{
				"Key"		"d"
				"Modifier"		"ALT"
				"Mode"		"0"
			}
			"AbilitySecondary2AutoCast"
			{
				"Key"		"f"
				"Modifier"		"ALT"
				"Mode"		"0"
			}
			"AbilityUltimateAutoCast"
			{
				"Key"		"r"
				"Modifier"		"ALT"
				"Mode"		"0"
			}
		}
		"npc_dota_neutral_default"
		{
			"AbilityPrimary1"
			{
				"Name"		"NeutralAbility1"
				"Action"		"dota_ability_execute 0"
				"Description"		"#DOTA_NeutralAbility1"
				"Key"		"Q"
				"Panel"		"#DOTA_KEYBIND_MENU_ABILITIES"
				"SubPanel"		"#DOTA_KEYBIND_ABILITY_NEUTRAL"
				"PanelRow"		"1"
				"Version"		"1"
			}
			"AbilityPrimary2"
			{
				"Name"		"NeutralAbility2"
				"Action"		"dota_ability_execute 1"
				"Description"		"#DOTA_NeutralAbility2"
				"Key"		"W"
				"Panel"		"#DOTA_KEYBIND_MENU_ABILITIES"
				"SubPanel"		"#DOTA_KEYBIND_ABILITY_NEUTRAL"
				"PanelRow"		"2"
				"Version"		"1"
			}
			"AbilityPrimary3"
			{
				"Name"		"NeutralAbility3"
				"Action"		"dota_ability_execute 2"
				"Description"		"#DOTA_NeutralAbility3"
				"Panel"		"#DOTA_KEYBIND_MENU_ABILITIES"
				"SubPanel"		"#DOTA_KEYBIND_ABILITY_NEUTRAL"
				"PanelRow"		"3"
				"Version"		"1"
				"Key"		"E"
			}
			"AbilitySecondary1"
			{
				"Name"		"NeutralAbility4"
				"Action"		"dota_ability_execute 3"
				"Description"		"#DOTA_NeutralAbility4"
				"Key"		"D"
				"Panel"		"#DOTA_KEYBIND_MENU_ABILITIES"
				"SubPanel"		"#DOTA_KEYBIND_ABILITY_NEUTRAL"
				"PanelRow"		"4"
				"Version"		"1"
			}
			"AbilitySecondary2"
			{
				"Name"		"NeutralAbility5"
				"Action"		"dota_ability_execute 4"
				"Panel"		"#DOTA_KEYBIND_MENU_ABILITIES"
				"SubPanel"		"#DOTA_KEYBIND_ABILITY_NEUTRAL"
				"PanelRow"		"5"
				"Description"		"#DOTA_NeutralAbility5"
				"Version"		"2"
			}
			"AbilityUltimate"
			{
				"Name"		"NeutralAbility6"
				"Action"		"dota_ability_execute 5"
				"Panel"		"#DOTA_KEYBIND_MENU_ABILITIES"
				"SubPanel"		"#DOTA_KEYBIND_ABILITY_NEUTRAL"
				"PanelRow"		"6"
				"Description"		"#DOTA_NeutralAbility6"
				"Version"		"2"
				"Key"		"R"
			}
			"AbilityPrimary1AutoCast"
			{
				"Key"		"q"
				"Modifier"		"ALT"
				"Mode"		"0"
			}
			"AbilityPrimary2AutoCast"
			{
				"Key"		"w"
				"Modifier"		"ALT"
				"Mode"		"0"
			}
			"AbilityPrimary3AutoCast"
			{
				"Key"		"e"
				"Modifier"		"ALT"
				"Mode"		"0"
			}
			"AbilitySecondary1AutoCast"
			{
				"Key"		"d"
				"Modifier"		"ALT"
				"Mode"		"0"
			}
			"AbilityUltimateAutoCast"
			{
				"Key"		"r"
				"Modifier"		"ALT"
				"Mode"		"0"
			}
		}
	}
	"AlgorithmicUpdateVersion"		"8"
	"PerUnitKeybinds"		"0"
	"HeroBuilds2"
	{
		"legion_commander"		"workshop: 203428546"
		"phantom_assassin"		"workshop: 128751325"
		"axe"		"workshop: 251941747"
		"shredder"		"workshop: 129105276"
		"clinkz"		"workshop: 147028295"
		"spirit_breaker"		"workshop: 128972272"
		"dark_seer"		"workshop: 129331714"
		"huskar"		"workshop: 129119115"
		"chaos_knight"		"workshop: 128918471"
		"faceless_void"		"workshop: 128922664"
		"juggernaut"		"workshop: 128733559"
		"mirana"		"workshop: 129381491"
		"gyrocopter"		"workshop: 129399377"
		"slark"		"workshop: 128956358"
		"phantom_lancer"		"workshop: 129093311"
		"chen"		"workshop: 129081331"
		"enchantress"		"workshop: 168934777"
		"obsidian_destroyer"		"workshop: 129332786"
		"kunkka"		"workshop: 272591652"
		"medusa"		"workshop: 129403206"
		"elder_titan"		"workshop: 261777247"
		"venomancer"		"itembuild: venomancer"
		"antimage"		"workshop: 128960249"
		"troll_warlord"		"workshop: 128753951"
		"sniper"		"workshop: 154433300"
		"furion"		"workshop: 128925332"
		"weaver"		"workshop: 301732264"
		"life_stealer"		"workshop: 232367327"
		"viper"		"workshop: 129400259"
		"earthshaker"		"workshop: 129137630"
		"necrolyte"		"workshop: 675559379"
		"omniknight"		"workshop: 129130896"
		"bristleback"		"workshop: 134971911"
		"riki"		"workshop: 128745244"
		"morphling"		"workshop: 129076227"
		"drow_ranger"		"workshop: 128743885"
		"rubick"		"workshop: 128833991"
		"slardar"		"workshop: 185034660"
		"naga_siren"		"workshop: 216413715"
		"queenofpain"		"workshop: 129204328"
		"terrorblade"		"workshop: 222265746"
		"vengefulspirit"		"workshop: 129062086"
	}
}
